This is TeX, Version 3.14159 (MiKTeX 2.1) (preloaded format=latex 2000.11.28)  5 FEB 2004 22:46
**\nonstopmode{}\input{energy-manual.tex}
(energy-manual.tex (C:\texmf\tex\latex\base\article.cls
Document Class: article 2001/04/21 v1.4e Standard LaTeX document class
(C:\texmf\tex\latex\base\size10.clo
File: size10.clo 2001/04/21 v1.4e Standard LaTeX file (size option)
)
\c@part=\count79
\c@section=\count80
\c@subsection=\count81
\c@subsubsection=\count82
\c@paragraph=\count83
\c@subparagraph=\count84
\c@figure=\count85
\c@table=\count86
\abovecaptionskip=\skip41
\belowcaptionskip=\skip42
\bibindent=\dimen102
) (C:\R\R-1.8.1\share\texmf\Rd.sty
Package: Rd 

(C:\texmf\tex\latex\base\ifthen.sty
Package: ifthen 2001/05/26 v1.1c Standard LaTeX ifthen package (DPC)
) (C:\texmf\tex\latex\tools\longtable.sty
Package: longtable 2000/10/22 v4.10 Multi-page Table package (DPC)
\LTleft=\skip43
\LTright=\skip44
\LTpre=\skip45
\LTpost=\skip46
\LTchunksize=\count87
\LTcapwidth=\dimen103
\LT@head=\box26
\LT@firsthead=\box27
\LT@foot=\box28
\LT@lastfoot=\box29
\LT@cols=\count88
\LT@rows=\count89
\c@LT@tables=\count90
\c@LT@chunks=\count91
\LT@p@ftn=\toks14
)
(C:\texmf\tex\latex\tools\bm.sty
Package: bm 1999/07/05 v1.0g Bold Symbol Support (DPC/FMi)
\symboldoperators=\mathgroup4
\symboldletters=\mathgroup5
\symboldsymbols=\mathgroup6
LaTeX Font Info:    Redeclaring math alphabet \mathbf on input line 137.
LaTeX Info: Redefining \bm on input line 195.
) (C:\texmf\tex\latex\base\alltt.sty
Package: alltt 1997/06/16 v2.0g defines alltt environment
)
(C:\texmf\tex\latex\tools\verbatim.sty
Package: verbatim 2001/03/12 v1.5p LaTeX2e package for verbatim enhancements
\every@verbatim=\toks15
\verbatim@line=\toks16
\verbatim@in@stream=\read1
) (C:\texmf\tex\latex\ltxmisc\url.sty
\Urlmuskip=\muskip10
Package: url 1999/03/28  ver 1.5x  Verb mode for urls, etc.
)
(C:\R\R-1.8.1\share\texmf\upquote.sty
Package: upquote 2003/08/11 v1.1 Covington's upright-quote modification to verb
atim and verb
 (C:\texmf\tex\latex\base\textcomp.sty
Package: textcomp 2001/06/05 v1.94 Standard LaTeX package

(C:\texmf\tex\latex\base\ts1enc.def
File: ts1enc.def 2001/06/05 v3.0e (jk/car/fm) Standard LaTeX file
)))
\middle=\skip47
\ldescriptionwidth=\skip48
 (C:\texmf\tex\latex\base\fontenc.sty
Package: fontenc 2001/06/05 v1.94 Standard LaTeX package

(C:\texmf\tex\latex\base\t1enc.def
File: t1enc.def 2001/06/05 v1.94 Standard LaTeX file
LaTeX Font Info:    Redeclaring font encoding T1 on input line 38.
)) (C:\texmf\tex\latex\ae\ae.sty
Package: ae 2001/02/12 1.3 Almost European Computer Modern

(C:\texmf\tex\latex\base\fontenc.sty
Package: fontenc 2001/06/05 v1.94 Standard LaTeX package
 (C:\texmf\tex\latex\base\t1enc.def
File: t1enc.def 2001/06/05 v1.94 Standard LaTeX file
LaTeX Font Info:    Redeclaring font encoding T1 on input line 38.
)
LaTeX Font Info:    Try loading font information for T1+aer on input line 95.

(C:\texmf\tex\latex\ae\t1aer.fd
File: t1aer.fd 1997/11/16 Font definitions for T1/aer.
))) (C:\texmf\tex\latex\ae\t1aett.fd
File: t1aett.fd 1997/11/16 Font definitions for T1/aett.
)
(C:\texmf\tex\latex\graphics\color.sty
Package: color 1999/02/16 v1.0i Standard LaTeX Color (DPC)
 (C:\texmf\tex\latex\00miktex\color.cfg)
Package color Info: Driver file: dvips.def on input line 125.

(C:\texmf\tex\latex\graphics\dvips.def
File: dvips.def 1999/02/16 v3.0i Driver-dependant file (DPC,SPQR)
)
(C:\texmf\tex\latex\graphics\dvipsnam.def
File: dvipsnam.def 1999/02/16 v3.0i Driver-dependant file (DPC,SPQR)
))
(C:\texmf\tex\latex\hyperref\hyperref.sty
Package: hyperref 2002/05/09 v6.72p Hypertext links for LaTeX

(C:\texmf\tex\latex\graphics\keyval.sty
Package: keyval 1999/03/16 v1.13 key=value parser (DPC)
\KV@toks@=\toks17
)
\@linkdim=\dimen104
\Hy@linkcounter=\count92
\Hy@pagecounter=\count93

(C:\texmf\tex\latex\hyperref\pd1enc.def
File: pd1enc.def 2002/05/09 v6.72p Hyperref: PDFDocEncoding definition (HO)
)
(C:\texmf\tex\latex\00miktex\hyperref.cfg)
Package hyperref Info: Bookmarks ON on input line 1797.
Package hyperref Info: Hyper figures OFF on input line 1816.
Package hyperref Info: Link nesting OFF on input line 1821.
Package hyperref Info: Hyper index ON on input line 1824.
Package hyperref Info: Plain pages ON on input line 1829.
Package hyperref Info: Backreferencing OFF on input line 1836.

Implicit mode ON; LaTeX internals redefined
LaTeX Info: Redefining \href on input line 2033.
LaTeX Info: Redefining \url on input line 2046.
\Fld@menulength=\count94
\Field@Width=\dimen105
\Fld@charsize=\dimen106
\Choice@toks=\toks18
\Field@toks=\toks19
Package hyperref Info: Hyper figures OFF on input line 2504.
Package hyperref Info: Link nesting OFF on input line 2509.
Package hyperref Info: Hyper index ON on input line 2512.
Package hyperref Info: backreferencing OFF on input line 2519.
Package hyperref Info: Link coloring OFF on input line 2524.
\c@Item=\count95
\c@Hfootnote=\count96
)
*hyperref using driver hypertex*
(C:\texmf\tex\latex\hyperref\hypertex.def
File: hypertex.def 2002/05/09 v6.72p Hyperref driver for HyperTeX specials
))
No file energy-manual.aux.
LaTeX Font Info:    Checking defaults for OML/cmm/m/it on input line 3.
LaTeX Font Info:    ... okay on input line 3.
LaTeX Font Info:    Checking defaults for T1/cmr/m/n on input line 3.
LaTeX Font Info:    ... okay on input line 3.
LaTeX Font Info:    Checking defaults for OT1/cmr/m/n on input line 3.
LaTeX Font Info:    ... okay on input line 3.
LaTeX Font Info:    Checking defaults for OMS/cmsy/m/n on input line 3.
LaTeX Font Info:    ... okay on input line 3.
LaTeX Font Info:    Checking defaults for OMX/cmex/m/n on input line 3.
LaTeX Font Info:    ... okay on input line 3.
LaTeX Font Info:    Checking defaults for U/cmr/m/n on input line 3.
LaTeX Font Info:    ... okay on input line 3.
LaTeX Font Info:    Checking defaults for TS1/cmr/m/n on input line 3.
LaTeX Font Info:    Try loading font information for TS1+cmr on input line 3.
(C:\texmf\tex\latex\base\ts1cmr.fd
File: ts1cmr.fd 1999/05/25 v2.5h Standard LaTeX font definitions
)
LaTeX Font Info:    ... okay on input line 3.
LaTeX Font Info:    Checking defaults for PD1/pdf/m/n on input line 3.
LaTeX Font Info:    ... okay on input line 3.
Package hyperref Info: Link coloring OFF on input line 3.
 (C:\texmf\tex\latex\hyperref\nameref.sty
Package: nameref 2001/01/27 v2.19 Cross-referencing by name of section
\c@section@level=\count97
)
LaTeX Info: Redefining \ref on input line 3.
LaTeX Info: Redefining \pageref on input line 3.
LaTeX Font Info:    External font `cmex10' loaded for size
(Font)              <7> on input line 4.
LaTeX Font Info:    External font `cmex10' loaded for size
(Font)              <5> on input line 4.

[1

] [2] [3]
LaTeX Font Info:    Try loading font information for TS1+aett on input line 181
.
LaTeX Font Info:    No file TS1aett.fd. on input line 181.


LaTeX Font Warning: Font shape `TS1/aett/m/n' undefined
(Font)              using `TS1/cmr/m/n' instead
(Font)              for symbol `textquotesingle' on input line 181.

[4] [5] [6] [7] [8] [9] [10] [11] [12] [13] [14] [15] [16] (energy-manual.aux)

LaTeX Font Warning: Some font shapes were not available, defaults substituted.

 )
Output written on energy-manual.dvi (16 pages, 46492 bytes).
